This is pdfTeX, Version 3.1415926-1.40.10 (TeX Live 2009/Debian) (format=latex 2012.8.5)  23 AUG 2012 23:37
entering extended mode
 %&-line parsing enabled.
**doc.tex
(./doc.tex
LaTeX2e <2009/09/24>
Babel <v3.8l> and hyphenation patterns for english, usenglishmax, dumylang, noh
yphenation, loaded.
(/usr/share/texmf-texlive/tex/latex/base/article.cls
Document Class: article 2007/10/19 v1.4h Standard LaTeX document class
(/usr/share/texmf-texlive/tex/latex/base/size11.clo
File: size11.clo 2007/10/19 v1.4h Standard LaTeX file (size option)
)
\c@part=\count79
\c@section=\count80
\c@subsection=\count81
\c@subsubsection=\count82
\c@paragraph=\count83
\c@subparagraph=\count84
\c@figure=\count85
\c@table=\count86
\abovecaptionskip=\skip41
\belowcaptionskip=\skip42
\bibindent=\dimen102
)
(/usr/share/texmf-texlive/tex/latex/base/inputenc.sty
Package: inputenc 2008/03/30 v1.1d Input encoding file
\inpenc@prehook=\toks14
\inpenc@posthook=\toks15

(/usr/share/texmf-texlive/tex/latex/base/latin1.def
File: latin1.def 2008/03/30 v1.1d Input encoding file
))
(/usr/share/texmf-texlive/tex/latex/base/fontenc.sty
Package: fontenc 2005/09/27 v1.99g Standard LaTeX package

(/usr/share/texmf-texlive/tex/latex/base/t1enc.def
File: t1enc.def 2005/09/27 v1.99g Standard LaTeX file
LaTeX Font Info:    Redeclaring font encoding T1 on input line 43.
))
(/usr/share/texmf-texlive/tex/latex/base/textcomp.sty
Package: textcomp 2005/09/27 v1.99g Standard LaTeX package
Package textcomp Info: Sub-encoding information:
(textcomp)               5 = only ISO-Adobe without \textcurrency
(textcomp)               4 = 5 + \texteuro
(textcomp)               3 = 4 + \textohm
(textcomp)               2 = 3 + \textestimated + \textcurrency
(textcomp)               1 = TS1 - \textcircled - \t
(textcomp)               0 = TS1 (full)
(textcomp)             Font families with sub-encoding setting implement
(textcomp)             only a restricted character set as indicated.
(textcomp)             Family '?' is the default used for unknown fonts.
(textcomp)             See the documentation for details.
Package textcomp Info: Setting ? sub-encoding to TS1/1 on input line 71.

(/usr/share/texmf-texlive/tex/latex/base/ts1enc.def
File: ts1enc.def 2001/06/05 v3.0e (jk/car/fm) Standard LaTeX file
)
LaTeX Info: Redefining \oldstylenums on input line 266.
Package textcomp Info: Setting cmr sub-encoding to TS1/0 on input line 281.
Package textcomp Info: Setting cmss sub-encoding to TS1/0 on input line 282.
Package textcomp Info: Setting cmtt sub-encoding to TS1/0 on input line 283.
Package textcomp Info: Setting cmvtt sub-encoding to TS1/0 on input line 284.
Package textcomp Info: Setting cmbr sub-encoding to TS1/0 on input line 285.
Package textcomp Info: Setting cmtl sub-encoding to TS1/0 on input line 286.
Package textcomp Info: Setting ccr sub-encoding to TS1/0 on input line 287.
Package textcomp Info: Setting ptm sub-encoding to TS1/4 on input line 288.
Package textcomp Info: Setting pcr sub-encoding to TS1/4 on input line 289.
Package textcomp Info: Setting phv sub-encoding to TS1/4 on input line 290.
Package textcomp Info: Setting ppl sub-encoding to TS1/3 on input line 291.
Package textcomp Info: Setting pag sub-encoding to TS1/4 on input line 292.
Package textcomp Info: Setting pbk sub-encoding to TS1/4 on input line 293.
Package textcomp Info: Setting pnc sub-encoding to TS1/4 on input line 294.
Package textcomp Info: Setting pzc sub-encoding to TS1/4 on input line 295.
Package textcomp Info: Setting bch sub-encoding to TS1/4 on input line 296.
Package textcomp Info: Setting put sub-encoding to TS1/5 on input line 297.
Package textcomp Info: Setting uag sub-encoding to TS1/5 on input line 298.
Package textcomp Info: Setting ugq sub-encoding to TS1/5 on input line 299.
Package textcomp Info: Setting ul8 sub-encoding to TS1/4 on input line 300.
Package textcomp Info: Setting ul9 sub-encoding to TS1/4 on input line 301.
Package textcomp Info: Setting augie sub-encoding to TS1/5 on input line 302.
Package textcomp Info: Setting dayrom sub-encoding to TS1/3 on input line 303.
Package textcomp Info: Setting dayroms sub-encoding to TS1/3 on input line 304.

Package textcomp Info: Setting pxr sub-encoding to TS1/0 on input line 305.
Package textcomp Info: Setting pxss sub-encoding to TS1/0 on input line 306.
Package textcomp Info: Setting pxtt sub-encoding to TS1/0 on input line 307.
Package textcomp Info: Setting txr sub-encoding to TS1/0 on input line 308.
Package textcomp Info: Setting txss sub-encoding to TS1/0 on input line 309.
Package textcomp Info: Setting txtt sub-encoding to TS1/0 on input line 310.
Package textcomp Info: Setting futs sub-encoding to TS1/4 on input line 311.
Package textcomp Info: Setting futx sub-encoding to TS1/4 on input line 312.
Package textcomp Info: Setting futj sub-encoding to TS1/4 on input line 313.
Package textcomp Info: Setting hlh sub-encoding to TS1/3 on input line 314.
Package textcomp Info: Setting hls sub-encoding to TS1/3 on input line 315.
Package textcomp Info: Setting hlst sub-encoding to TS1/3 on input line 316.
Package textcomp Info: Setting hlct sub-encoding to TS1/5 on input line 317.
Package textcomp Info: Setting hlx sub-encoding to TS1/5 on input line 318.
Package textcomp Info: Setting hlce sub-encoding to TS1/5 on input line 319.
Package textcomp Info: Setting hlcn sub-encoding to TS1/5 on input line 320.
Package textcomp Info: Setting hlcw sub-encoding to TS1/5 on input line 321.
Package textcomp Info: Setting hlcf sub-encoding to TS1/5 on input line 322.
Package textcomp Info: Setting pplx sub-encoding to TS1/3 on input line 323.
Package textcomp Info: Setting pplj sub-encoding to TS1/3 on input line 324.
Package textcomp Info: Setting ptmx sub-encoding to TS1/4 on input line 325.
Package textcomp Info: Setting ptmj sub-encoding to TS1/4 on input line 326.
)

! LaTeX Error: File `fullpage.sty' not found.

Type X to quit or <RETURN> to proceed,
or enter new name. (Default extension: sty)

Enter file name: 
(/usr/share/texmf-texlive/tex/latex/ltxmisc/url.sty
\Urlmuskip=\muskip10
Package: url 2006/04/12  ver 3.3  Verb mode for urls, etc.
) (./ocamldoc.sty
Package: ocamldoc 2001/12/04 v1.0 ocamldoc support
)
(./doc.aux)
\openout1 = `doc.aux'.

LaTeX Font Info:    Checking defaults for OML/cmm/m/it on input line 8.
LaTeX Font Info:    ... okay on input line 8.
LaTeX Font Info:    Checking defaults for T1/cmr/m/n on input line 8.
LaTeX Font Info:    ... okay on input line 8.
LaTeX Font Info:    Checking defaults for OT1/cmr/m/n on input line 8.
LaTeX Font Info:    ... okay on input line 8.
LaTeX Font Info:    Checking defaults for OMS/cmsy/m/n on input line 8.
LaTeX Font Info:    ... okay on input line 8.
LaTeX Font Info:    Checking defaults for OMX/cmex/m/n on input line 8.
LaTeX Font Info:    ... okay on input line 8.
LaTeX Font Info:    Checking defaults for U/cmr/m/n on input line 8.
LaTeX Font Info:    ... okay on input line 8.
LaTeX Font Info:    Checking defaults for TS1/cmr/m/n on input line 8.
LaTeX Font Info:    Try loading font information for TS1+cmr on input line 8.
 (/usr/share/texmf-texlive/tex/latex/base/ts1cmr.fd
File: ts1cmr.fd 1999/05/25 v2.5h Standard LaTeX font definitions
)
LaTeX Font Info:    ... okay on input line 8.
 (./doc.toc
LaTeX Font Info:    Try loading font information for T1+cmtt on input line 1.

(/usr/share/texmf-texlive/tex/latex/base/t1cmtt.fd
File: t1cmtt.fd 1999/05/25 v2.5h Standard LaTeX font definitions
)
LaTeX Font Info:    External font `cmex10' loaded for size
(Font)              <10.95> on input line 4.
LaTeX Font Info:    External font `cmex10' loaded for size
(Font)              <8> on input line 4.
LaTeX Font Info:    External font `cmex10' loaded for size
(Font)              <6> on input line 4.
 [1

]

LaTeX Warning: Reference `module:Dataflow' on page 57 undefined on input line 3
6.


LaTeX Warning: Reference `module:Dataflow' on page 58 undefined on input line 3
7.

[2])
\tf@toc=\write3
\openout3 = `doc.toc'.

 [3]
Overfull \hbox (2.00792pt too wide) in paragraph at lines 240--240
\T1/cmr/bx/n/14.4 tions for han-dling byte-code that util-i-tizes the \T1/cmtt/
m/n/14.4 Java
 []

[4] [5] [6] [7]
Overfull \hbox (0.5301pt too wide) in paragraph at lines 816--816
\T1/cmr/bx/n/14.4 for gen-er-at-ing, pars-ing and dump-ing in-struc-tions. 
 []

[8] [9] [10] [11] [12] [13] [14] [15] [16] [17] [18] [19] [20] [21] [22]
[23] [24] [25]
Overfull \hbox (11.15202pt too wide) in paragraph at lines 2575--2575
\T1/cmr/bx/n/14.4 clud-ing func-tions for nav-i-gat-ing byte-code file struc-
 []

[26] [27] [28] [29] [30] [31] [32]
Overfull \hbox (64.37782pt too wide) in paragraph at lines 3152--3152
[]  \T1/cmtt/m/n/10.95 mutable state_machine : (state_machine_instr * Instr.ope
rand list) list ;[] 
 []

[33] [34] [35] [36] [37] [38] [39] [40]
Overfull \hbox (30.4276pt too wide) in paragraph at lines 4157--4157
[]\T1/cmtt/m/n/10.95 val mtd_comp_relaxed : dex -> method_id_item -> method_id_
item -> int[] 
 []

[41] [42]
Overfull \hbox (2.13574pt too wide) in paragraph at lines 4410--4410
[]\T1/cmtt/m/n/10.95 val get_the_mtd : dex -> link -> string -> link * method_i
d_item[] 
 []

[43] [44] [45] [46] [47] [48] [49] [50] [51] [52]
Overfull \hbox (6.45323pt too wide) in paragraph at lines 5777--5777
[]\T1/cmr/bx/n/14.4 Module \T1/cmtt/m/n/14.4 Htmlunparse \T1/cmr/bx/n/14.4 : Th
is mod-ule pro-vides func-
 []


Overfull \hbox (2.13574pt too wide) in paragraph at lines 5788--5788
\T1/cmtt/m/n/10.95 val generate_documentation : Dex.dex -> string -> string -> 
unit[] 
 []

[53] [54] [55]
Overfull \hbox (24.76923pt too wide) in paragraph at lines 6142--6142
[]\T1/cmtt/m/n/10.95 type cfg_module = (module Ctrlflow.CTRLFLOW with type st =
 Dex.link)[] 
 []

[56] [57] [58]
Overfull \hbox (2.16063pt too wide) in paragraph at lines 6521--6522
[]\T1/cmtt/m/n/10.95 functor (SC : SCHEDULER) -> functor (LT : LATTICE) -> func
tor
 []


Overfull \hbox (47.40271pt too wide) in paragraph at lines 6521--6522
\T1/cmtt/m/n/10.95 (CF : Ctrlflow.CTRLFLOW  with type st = SC.st) -> functor (D
F : DATAFLOW
 []


Overfull \hbox (7.79411pt too wide) in paragraph at lines 6521--6522
\T1/cmtt/m/n/10.95 with type st = SC.st and type l = LT.l) -> ANALYSIS  with ty
pe st
 []

[59]
Overfull \hbox (2.16063pt too wide) in paragraph at lines 6538--6539
[]\T1/cmtt/m/n/10.95 functor (SC : SCHEDULER) -> functor (LT : LATTICE) -> func
tor
 []


Overfull \hbox (47.40271pt too wide) in paragraph at lines 6538--6539
\T1/cmtt/m/n/10.95 (CF : Ctrlflow.CTRLFLOW  with type st = SC.st) -> functor (D
F : DATAFLOW
 []


Overfull \hbox (7.79411pt too wide) in paragraph at lines 6538--6539
\T1/cmtt/m/n/10.95 with type st = SC.st and type l = LT.l) -> ANALYSIS  with ty
pe st
 []


Overfull \hbox (13.45248pt too wide) in paragraph at lines 6560--6560
\T1/cmtt/m/n/10.95 type liveness = (module Dataflow.ANALYSIS with type st = Dex
.link)[] 
 []


Overfull \hbox (30.4276pt too wide) in paragraph at lines 6589--6589
\T1/cmtt/m/n/10.95 type propagation = (module Dataflow.ANALYSIS with type st = 
Dex.link)[] 
 []

[60]
Overfull \hbox (47.40271pt too wide) in paragraph at lines 6708--6708
[]  \T1/cmtt/m/n/10.95 Dex.dex -> ?super:string -> string -> Dex.access_flag li
st -> Dex.link[] 
 []


Overfull \hbox (75.69456pt too wide) in paragraph at lines 6749--6749
[]  \T1/cmtt/m/n/10.95 Dex.dex -> Dex.link -> string -> Dex.access_flag list ->
 string -> Dex.link[] 
 []

[61]
Overfull \hbox (30.4276pt too wide) in paragraph at lines 6766--6766
[]  \T1/cmtt/m/n/10.95 string -> Dex.access_flag list -> string -> string list 
-> Dex.link[] 
 []


Overfull \hbox (30.4276pt too wide) in paragraph at lines 6780--6780
[]\T1/cmtt/m/n/10.95 val make_method_overridable : Dex.dex -> Dex.link -> Dex.l
ink -> unit[] 
 []


Overfull \hbox (64.37782pt too wide) in paragraph at lines 6845--6845
[]\T1/cmtt/m/n/10.95 val insrt_ins : Dex.dex -> Dex.code_item -> cursor -> Inst
r.instr -> cursor[] 
 []

[62]
Overfull \hbox (13.45248pt too wide) in paragraph at lines 6968--6968
[]\T1/cmtt/m/n/10.95 val implements : Dex.dex -> Dex.link -> Dex.link -> string
 -> bool[] 
 []

[63] [64] (./doc.aux)

LaTeX Warning: There were undefined references.


LaTeX Warning: Label(s) may have changed. Rerun to get cross-references right.

 ) 
Here is how much of TeX's memory you used:
 1457 strings out of 495062
 26259 string characters out of 1182645
 59509 words of memory out of 3000000
 4672 multiletter control sequences out of 15000+50000
 11641 words of font info for 31 fonts, out of 3000000 for 9000
 28 hyphenation exceptions out of 8191
 22i,5n,20p,444b,300s stack positions out of 5000i,500n,10000p,200000b,50000s

Output written on doc.dvi (64 pages, 76680 bytes).
